mode: set
veterinary-api/middlewares/auth_middleware.go:14.34,16.22 2 1
veterinary-api/middlewares/auth_middleware.go:16.22,20.3 3 1
veterinary-api/middlewares/auth_middleware.go:23.2,24.45 2 1
veterinary-api/middlewares/auth_middleware.go:24.45,28.3 3 1
veterinary-api/middlewares/auth_middleware.go:30.2,33.83 2 1
veterinary-api/middlewares/auth_middleware.go:33.83,35.58 1 1
veterinary-api/middlewares/auth_middleware.go:35.58,37.4 1 1
veterinary-api/middlewares/auth_middleware.go:38.3,38.24 1 1
veterinary-api/middlewares/auth_middleware.go:42.2,42.32 1 1
veterinary-api/middlewares/auth_middleware.go:42.32,46.3 3 1
veterinary-api/middlewares/auth_middleware.go:49.2,49.67 1 1
veterinary-api/middlewares/auth_middleware.go:49.67,52.3 2 1
veterinary-api/middlewares/auth_middleware.go:55.2,55.10 1 1
veterinary-api/config/database.go:12.15,15.16 3 0
veterinary-api/config/database.go:15.16,17.3 1 0
veterinary-api/config/database.go:19.2,20.51 2 0
veterinary-api/config/database.go:23.21,57.16 5 0
veterinary-api/config/database.go:57.16,59.3 1 0
veterinary-api/config/database.go:61.2,62.16 2 0
veterinary-api/config/database.go:62.16,64.3 1 0
veterinary-api/config/database.go:66.2,67.16 2 0
veterinary-api/config/database.go:67.16,69.3 1 0
veterinary-api/main.go:15.13,18.16 2 0
veterinary-api/main.go:18.16,20.3 1 0
veterinary-api/main.go:21.2,56.16 22 0
veterinary-api/controllers/appointment_controller.go:16.92,18.2 1 1
veterinary-api/controllers/appointment_controller.go:23.69,25.49 2 0
veterinary-api/controllers/appointment_controller.go:25.49,28.3 2 0
veterinary-api/controllers/appointment_controller.go:30.2,31.16 2 0
veterinary-api/controllers/appointment_controller.go:31.16,34.3 2 0
veterinary-api/controllers/appointment_controller.go:36.2,39.4 1 0
veterinary-api/controllers/appointment_controller.go:45.69,49.49 3 1
veterinary-api/controllers/appointment_controller.go:49.49,55.3 2 1
veterinary-api/controllers/appointment_controller.go:57.2,59.16 3 1
veterinary-api/controllers/appointment_controller.go:59.16,65.3 2 1
veterinary-api/controllers/appointment_controller.go:67.2,70.4 1 1
veterinary-api/controllers/appointment_controller.go:76.70,80.16 3 1
veterinary-api/controllers/appointment_controller.go:80.16,86.3 2 1
veterinary-api/controllers/appointment_controller.go:88.2,91.4 1 1
veterinary-api/controllers/appointment_controller.go:97.67,99.16 2 0
veterinary-api/controllers/appointment_controller.go:99.16,102.3 2 0
veterinary-api/controllers/appointment_controller.go:103.2,103.75 1 0
veterinary-api/controllers/appointment_controller.go:109.64,114.50 3 0
veterinary-api/controllers/appointment_controller.go:114.50,117.3 2 0
veterinary-api/controllers/appointment_controller.go:119.2,120.16 2 0
veterinary-api/controllers/appointment_controller.go:120.16,123.3 2 0
veterinary-api/controllers/appointment_controller.go:125.2,125.95 1 0
veterinary-api/controllers/auth_controller.go:13.71,15.2 1 1
veterinary-api/controllers/auth_controller.go:20.50,27.54 2 1
veterinary-api/controllers/auth_controller.go:27.54,30.3 2 1
veterinary-api/controllers/auth_controller.go:34.2,35.16 2 1
veterinary-api/controllers/auth_controller.go:35.16,39.3 2 1
veterinary-api/controllers/auth_controller.go:42.2,45.4 1 1
veterinary-api/controllers/auth_controller.go:51.52,53.2 0 0
veterinary-api/controllers/slot_controller.go:20.62,22.2 1 1
veterinary-api/controllers/slot_controller.go:24.65,26.2 1 1
veterinary-api/controllers/slot_controller.go:31.62,35.16 3 1
veterinary-api/controllers/slot_controller.go:35.16,37.38 1 1
veterinary-api/controllers/slot_controller.go:37.38,40.4 2 1
veterinary-api/controllers/slot_controller.go:42.3,43.9 2 1
veterinary-api/controllers/slot_controller.go:46.2,46.32 1 1
veterinary-api/controllers/slot_controller.go:52.53,54.2 0 0
veterinary-api/controllers/slot_controller.go:59.65,61.16 2 1
veterinary-api/controllers/slot_controller.go:61.16,62.38 1 1
veterinary-api/controllers/slot_controller.go:62.38,65.4 2 1
veterinary-api/controllers/slot_controller.go:66.3,67.9 2 1
veterinary-api/controllers/slot_controller.go:70.2,70.32 1 1
veterinary-api/controllers/vet_controller.go:20.59,22.2 1 1
veterinary-api/controllers/vet_controller.go:27.54,29.16 2 1
veterinary-api/controllers/vet_controller.go:29.16,31.47 1 1
veterinary-api/controllers/vet_controller.go:31.47,34.4 2 1
veterinary-api/controllers/vet_controller.go:36.3,37.9 2 1
veterinary-api/controllers/vet_controller.go:40.2,40.31 1 1
veterinary-api/repositories/appointment_repository.go:14.66,16.2 1 1
veterinary-api/repositories/appointment_repository.go:18.81,37.16 5 1
veterinary-api/repositories/appointment_repository.go:37.16,39.3 1 1
veterinary-api/repositories/appointment_repository.go:42.2,47.16 4 1
veterinary-api/repositories/appointment_repository.go:47.16,49.3 1 0
veterinary-api/repositories/appointment_repository.go:51.2,52.18 2 1
veterinary-api/repositories/appointment_repository.go:58.54,60.2 0 0
veterinary-api/repositories/appointment_repository.go:65.81,88.19 3 0
veterinary-api/repositories/appointment_repository.go:88.19,90.6 1 0
veterinary-api/repositories/appointment_repository.go:92.5,93.18 2 0
veterinary-api/repositories/appointment_repository.go:93.18,95.6 1 0
veterinary-api/repositories/appointment_repository.go:97.5,97.15 1 0
veterinary-api/repositories/appointment_repository.go:103.68,106.16 3 1
veterinary-api/repositories/appointment_repository.go:106.16,108.3 1 1
veterinary-api/repositories/appointment_repository.go:110.2,111.15 2 1
veterinary-api/repositories/appointment_repository.go:111.15,113.3 1 1
veterinary-api/repositories/appointment_repository.go:115.2,115.12 1 1
veterinary-api/repositories/appointment_repository.go:121.52,123.2 0 0
veterinary-api/repositories/appointment_repository.go:128.49,130.2 0 0
veterinary-api/repositories/auth_repository.go:13.52,15.2 1 1
veterinary-api/repositories/auth_repository.go:20.80,35.16 4 1
veterinary-api/repositories/auth_repository.go:35.16,36.27 1 1
veterinary-api/repositories/auth_repository.go:36.27,38.4 1 1
veterinary-api/repositories/auth_repository.go:39.3,39.18 1 1
veterinary-api/repositories/auth_repository.go:42.2,42.19 1 1
veterinary-api/repositories/auth_repository.go:48.36,50.2 0 0
veterinary-api/repositories/slot_repository.go:15.52,17.2 1 1
veterinary-api/repositories/slot_repository.go:22.81,30.16 3 1
veterinary-api/repositories/slot_repository.go:30.16,32.3 1 1
veterinary-api/repositories/slot_repository.go:33.2,36.18 3 1
veterinary-api/repositories/slot_repository.go:36.18,38.120 2 1
veterinary-api/repositories/slot_repository.go:38.120,40.4 1 1
veterinary-api/repositories/slot_repository.go:41.3,41.30 1 1
veterinary-api/repositories/slot_repository.go:44.2,44.21 1 1
veterinary-api/repositories/slot_repository.go:44.21,46.3 1 1
veterinary-api/repositories/slot_repository.go:48.2,48.19 1 1
veterinary-api/repositories/slot_repository.go:54.37,56.2 0 0
veterinary-api/repositories/slot_repository.go:61.72,69.16 3 1
veterinary-api/repositories/slot_repository.go:69.16,71.3 1 1
veterinary-api/repositories/slot_repository.go:72.2,75.18 3 1
veterinary-api/repositories/slot_repository.go:75.18,77.120 2 1
veterinary-api/repositories/slot_repository.go:77.120,79.4 1 1
veterinary-api/repositories/slot_repository.go:80.3,80.30 1 1
veterinary-api/repositories/slot_repository.go:82.2,82.21 1 1
veterinary-api/repositories/slot_repository.go:82.21,84.3 1 1
veterinary-api/repositories/slot_repository.go:86.2,86.19 1 1
veterinary-api/repositories/vet_repository.go:12.50,14.2 1 1
veterinary-api/repositories/vet_repository.go:19.61,21.16 2 1
veterinary-api/repositories/vet_repository.go:21.16,23.3 1 1
veterinary-api/repositories/vet_repository.go:24.2,27.18 3 1
veterinary-api/repositories/vet_repository.go:27.18,29.81 2 1
veterinary-api/repositories/vet_repository.go:29.81,31.4 1 1
veterinary-api/repositories/vet_repository.go:32.3,32.27 1 1
veterinary-api/repositories/vet_repository.go:34.2,34.18 1 1
veterinary-api/services/appointment_service.go:22.90,24.2 1 1
veterinary-api/services/appointment_service.go:29.79,32.2 1 0
veterinary-api/services/appointment_service.go:37.78,39.16 2 0
veterinary-api/services/appointment_service.go:39.16,41.3 1 0
veterinary-api/services/appointment_service.go:43.2,43.34 1 0
veterinary-api/services/appointment_service.go:43.34,45.3 1 0
veterinary-api/services/appointment_service.go:47.2,47.38 1 0
veterinary-api/services/appointment_service.go:53.65,55.16 2 1
veterinary-api/services/appointment_service.go:55.16,57.3 1 1
veterinary-api/services/appointment_service.go:59.2,60.24 2 1
veterinary-api/services/appointment_service.go:60.24,62.3 1 0
veterinary-api/services/appointment_service.go:64.2,64.31 1 1
veterinary-api/services/appointment_service.go:64.31,66.3 1 1
veterinary-api/services/appointment_service.go:68.2,68.37 1 0
veterinary-api/services/appointment_service.go:74.78,77.2 1 0
veterinary-api/services/appointment_service.go:82.75,85.2 1 0
veterinary-api/services/auth_service.go:15.69,17.2 1 1
veterinary-api/services/auth_service.go:25.72,28.16 2 1
veterinary-api/services/auth_service.go:28.16,30.3 1 1
veterinary-api/services/auth_service.go:35.2,35.31 1 1
veterinary-api/services/auth_service.go:35.31,37.3 1 1
veterinary-api/services/auth_service.go:40.2,50.16 4 1
veterinary-api/services/auth_service.go:50.16,52.3 1 0
veterinary-api/services/auth_service.go:54.2,54.25 1 1
veterinary-api/services/auth_service.go:60.33,62.2 0 0
veterinary-api/services/slot_service.go:12.69,14.2 1 1
veterinary-api/services/slot_service.go:19.78,21.2 1 1
veterinary-api/services/slot_service.go:26.34,28.2 0 0
veterinary-api/services/slot_service.go:33.69,35.2 1 1
veterinary-api/services/vet_service.go:12.66,14.2 1 1
veterinary-api/services/vet_service.go:19.58,21.2 1 1
