mode: set
veterinary-api/controllers/appointment_controller.go:16.92,18.2 1 1
veterinary-api/controllers/appointment_controller.go:23.70,25.2 0 0
veterinary-api/controllers/appointment_controller.go:30.69,34.49 3 1
veterinary-api/controllers/appointment_controller.go:34.49,40.3 2 1
veterinary-api/controllers/appointment_controller.go:42.2,44.16 3 1
veterinary-api/controllers/appointment_controller.go:44.16,50.3 2 1
veterinary-api/controllers/appointment_controller.go:52.2,55.4 1 1
veterinary-api/controllers/appointment_controller.go:61.70,65.16 3 1
veterinary-api/controllers/appointment_controller.go:65.16,71.3 2 1
veterinary-api/controllers/appointment_controller.go:73.2,76.4 1 1
veterinary-api/controllers/appointment_controller.go:82.68,84.2 0 0
veterinary-api/controllers/appointment_controller.go:89.65,91.2 0 0
veterinary-api/controllers/auth_controller.go:13.71,15.2 1 1
veterinary-api/controllers/auth_controller.go:20.50,27.54 2 1
veterinary-api/controllers/auth_controller.go:27.54,30.3 2 1
veterinary-api/controllers/auth_controller.go:34.2,35.16 2 1
veterinary-api/controllers/auth_controller.go:35.16,39.3 2 1
veterinary-api/controllers/auth_controller.go:42.2,45.4 1 1
veterinary-api/controllers/auth_controller.go:51.52,53.2 0 0
veterinary-api/controllers/slot_controller.go:20.62,22.2 1 1
veterinary-api/controllers/slot_controller.go:24.65,26.2 1 1
veterinary-api/controllers/slot_controller.go:31.62,35.16 3 1
veterinary-api/controllers/slot_controller.go:35.16,37.38 1 1
veterinary-api/controllers/slot_controller.go:37.38,40.4 2 1
veterinary-api/controllers/slot_controller.go:42.3,43.9 2 1
veterinary-api/controllers/slot_controller.go:46.2,46.32 1 1
veterinary-api/controllers/slot_controller.go:52.53,54.2 0 0
veterinary-api/controllers/slot_controller.go:59.65,61.16 2 1
veterinary-api/controllers/slot_controller.go:61.16,62.38 1 1
veterinary-api/controllers/slot_controller.go:62.38,65.4 2 1
veterinary-api/controllers/slot_controller.go:66.3,67.9 2 1
veterinary-api/controllers/slot_controller.go:70.2,70.32 1 1
veterinary-api/controllers/vet_controller.go:20.59,22.2 1 1
veterinary-api/controllers/vet_controller.go:27.54,29.16 2 1
veterinary-api/controllers/vet_controller.go:29.16,31.47 1 1
veterinary-api/controllers/vet_controller.go:31.47,34.4 2 1
veterinary-api/controllers/vet_controller.go:36.3,37.9 2 1
veterinary-api/controllers/vet_controller.go:40.2,40.31 1 1
