mode: set
veterinary-api/repositories/appointment_repository.go:14.66,16.2 1 1
veterinary-api/repositories/appointment_repository.go:18.81,37.16 5 1
veterinary-api/repositories/appointment_repository.go:37.16,39.3 1 1
veterinary-api/repositories/appointment_repository.go:42.2,47.16 4 1
veterinary-api/repositories/appointment_repository.go:47.16,49.3 1 0
veterinary-api/repositories/appointment_repository.go:51.2,52.18 2 1
veterinary-api/repositories/appointment_repository.go:58.54,60.2 0 0
veterinary-api/repositories/appointment_repository.go:65.81,88.19 3 1
veterinary-api/repositories/appointment_repository.go:88.19,90.6 1 1
veterinary-api/repositories/appointment_repository.go:92.5,93.18 2 1
veterinary-api/repositories/appointment_repository.go:93.18,95.6 1 1
veterinary-api/repositories/appointment_repository.go:97.5,97.15 1 1
veterinary-api/repositories/appointment_repository.go:103.68,106.16 3 1
veterinary-api/repositories/appointment_repository.go:106.16,108.3 1 1
veterinary-api/repositories/appointment_repository.go:110.2,111.15 2 1
veterinary-api/repositories/appointment_repository.go:111.15,113.3 1 1
veterinary-api/repositories/appointment_repository.go:115.2,115.12 1 1
veterinary-api/repositories/appointment_repository.go:121.52,123.2 0 0
veterinary-api/repositories/appointment_repository.go:128.49,130.2 0 0
veterinary-api/repositories/auth_repository.go:13.52,15.2 1 1
veterinary-api/repositories/auth_repository.go:20.80,35.16 4 1
veterinary-api/repositories/auth_repository.go:35.16,36.27 1 1
veterinary-api/repositories/auth_repository.go:36.27,38.4 1 1
veterinary-api/repositories/auth_repository.go:39.3,39.18 1 1
veterinary-api/repositories/auth_repository.go:42.2,42.19 1 1
veterinary-api/repositories/auth_repository.go:48.36,50.2 0 0
veterinary-api/repositories/slot_repository.go:15.52,17.2 1 1
veterinary-api/repositories/slot_repository.go:22.81,30.16 3 1
veterinary-api/repositories/slot_repository.go:30.16,32.3 1 1
veterinary-api/repositories/slot_repository.go:33.2,36.18 3 1
veterinary-api/repositories/slot_repository.go:36.18,38.120 2 1
veterinary-api/repositories/slot_repository.go:38.120,40.4 1 1
veterinary-api/repositories/slot_repository.go:41.3,41.30 1 1
veterinary-api/repositories/slot_repository.go:44.2,44.21 1 1
veterinary-api/repositories/slot_repository.go:44.21,46.3 1 1
veterinary-api/repositories/slot_repository.go:48.2,48.19 1 1
veterinary-api/repositories/slot_repository.go:54.37,56.2 0 0
veterinary-api/repositories/slot_repository.go:61.72,69.16 3 1
veterinary-api/repositories/slot_repository.go:69.16,71.3 1 1
veterinary-api/repositories/slot_repository.go:72.2,75.18 3 1
veterinary-api/repositories/slot_repository.go:75.18,77.120 2 1
veterinary-api/repositories/slot_repository.go:77.120,79.4 1 1
veterinary-api/repositories/slot_repository.go:80.3,80.30 1 1
veterinary-api/repositories/slot_repository.go:82.2,82.21 1 1
veterinary-api/repositories/slot_repository.go:82.21,84.3 1 1
veterinary-api/repositories/slot_repository.go:86.2,86.19 1 1
veterinary-api/repositories/vet_repository.go:12.50,14.2 1 1
veterinary-api/repositories/vet_repository.go:19.61,21.16 2 1
veterinary-api/repositories/vet_repository.go:21.16,23.3 1 1
veterinary-api/repositories/vet_repository.go:24.2,27.18 3 1
veterinary-api/repositories/vet_repository.go:27.18,29.81 2 1
veterinary-api/repositories/vet_repository.go:29.81,31.4 1 1
veterinary-api/repositories/vet_repository.go:32.3,32.27 1 1
veterinary-api/repositories/vet_repository.go:34.2,34.18 1 1
