mode: set
veterinary-api/services/appointment_service.go:22.90,24.2 1 1
veterinary-api/services/appointment_service.go:29.79,32.2 1 0
veterinary-api/services/appointment_service.go:37.78,39.16 2 1
veterinary-api/services/appointment_service.go:39.16,41.3 1 1
veterinary-api/services/appointment_service.go:43.2,43.34 1 1
veterinary-api/services/appointment_service.go:43.34,45.3 1 1
veterinary-api/services/appointment_service.go:47.2,47.38 1 1
veterinary-api/services/appointment_service.go:53.65,55.16 2 1
veterinary-api/services/appointment_service.go:55.16,57.3 1 1
veterinary-api/services/appointment_service.go:59.2,60.24 2 1
veterinary-api/services/appointment_service.go:60.24,62.3 1 1
veterinary-api/services/appointment_service.go:64.2,64.31 1 1
veterinary-api/services/appointment_service.go:64.31,66.3 1 1
veterinary-api/services/appointment_service.go:68.2,68.37 1 1
veterinary-api/services/appointment_service.go:74.78,77.2 1 0
veterinary-api/services/appointment_service.go:82.75,85.2 1 0
veterinary-api/services/auth_service.go:15.69,17.2 1 1
veterinary-api/services/auth_service.go:25.72,28.16 2 1
veterinary-api/services/auth_service.go:28.16,30.3 1 1
veterinary-api/services/auth_service.go:35.2,35.31 1 1
veterinary-api/services/auth_service.go:35.31,37.3 1 1
veterinary-api/services/auth_service.go:40.2,50.16 4 1
veterinary-api/services/auth_service.go:50.16,52.3 1 0
veterinary-api/services/auth_service.go:54.2,54.25 1 1
veterinary-api/services/auth_service.go:60.33,62.2 0 0
veterinary-api/services/slot_service.go:12.69,14.2 1 1
veterinary-api/services/slot_service.go:19.78,21.2 1 1
veterinary-api/services/slot_service.go:26.34,28.2 0 0
veterinary-api/services/slot_service.go:33.69,35.2 1 1
veterinary-api/services/vet_service.go:12.66,14.2 1 1
veterinary-api/services/vet_service.go:19.58,21.2 1 1
